<?xml version="1.0" encoding="UTF-8"?>
<!-- Generated by org.testng.reporters.JUnitXMLReporter -->
<testsuite hostname="Asus-India" name="Test" tests="2" failures="0" timestamp="8 Jun 2018 16:54:33 GMT" time="0.36" errors="0">
  <testcase name="@BeforeTest setupExtentReports" time="0.0" classname="com.facebook.features.ExtentReportTest">
    <failure type="java.lang.IllegalArgumentException" message="InputStream cannot be null">
      <![CDATA[java.lang.IllegalArgumentException: InputStream cannot be null
	at javax.xml.parsers.DocumentBuilder.parse(Unknown Source)
	at com.aventstack.extentreports.configuration.ConfigLoader.getConfigurationHash(ConfigLoader.java:64)
	at com.aventstack.extentreports.reporter.AbstractReporter.loadXMLConfig(AbstractReporter.java:64)
	at com.aventstack.extentreports.reporter.AbstractReporter.loadXMLConfig(AbstractReporter.java:60)
	at com.facebook.library.ExtentReportLibrary.setupExtentReports(ExtentReportLibrary.java:79)
	at com.facebook.features.ExtentReportTest.setupExtentReports(ExtentReportTest.java:32)
... Removed 21 stack frames]]>
    </failure>
  </testcase> <!-- @BeforeTest setupExtentReports -->
  <testcase name="@BeforeMethod register" time="0.0" classname="com.facebook.features.ExtentReportTest">
    <skipped/>
  </testcase> <!-- @BeforeMethod register -->
  <testcase name="@AfterMethod captureStatus" time="0.0" classname="com.facebook.features.ExtentReportTest">
    <skipped/>
  </testcase> <!-- @AfterMethod captureStatus -->
  <testcase name="@BeforeMethod register" time="0.0" classname="com.facebook.features.ExtentReportTest">
    <skipped/>
  </testcase> <!-- @BeforeMethod register -->
  <testcase name="@AfterMethod captureStatus" time="0.0" classname="com.facebook.features.ExtentReportTest">
    <skipped/>
  </testcase> <!-- @AfterMethod captureStatus -->
  <testcase name="@AfterTest cleanUp" time="0.0" classname="com.facebook.features.ExtentReportTest">
    <skipped/>
  </testcase> <!-- @AfterTest cleanUp -->
  <testcase name="testOne" time="0.0" classname="com.facebook.features.ExtentReportTest">
    <skipped/>
  </testcase> <!-- testOne -->
  <testcase name="testThree" time="0.0" classname="com.facebook.features.ExtentReportTest">
    <skipped/>
  </testcase> <!-- testThree -->
</testsuite> <!-- Test -->
