<?xml version="1.0" encoding="UTF-8"?>
<testng-results skipped="0" failed="0" ignored="0" total="1" passed="1">
  <reporter-output>
  </reporter-output>
  <suite name="Facebook LoginPage" duration-ms="2364" started-at="2018-05-20T11:56:47Z" finished-at="2018-05-20T11:56:49Z">
    <groups>
    </groups>
    <test name="Login with a Valid UserName and Valid Password" duration-ms="2364" started-at="2018-05-20T11:56:47Z" finished-at="2018-05-20T11:56:49Z">
      <class name="com.facebook.TestCases.loginToFaceBook">
        <test-method status="PASS" signature="beforeTest()[pri:0, instance:com.facebook.TestCases.loginToFaceBook@4439f31e]" name="beforeTest" is-config="true" duration-ms="21521" started-at="2018-05-20T17:26:25Z" finished-at="2018-05-20T17:26:47Z">
          <reporter-output>
          </reporter-output>
        </test-method> <!-- beforeTest -->
        <test-method status="PASS" signature="loginWithValidUserName(java.lang.String, java.lang.String)[pri:1, instance:com.facebook.TestCases.loginToFaceBook@4439f31e]" name="loginWithValidUserName" duration-ms="2338" started-at="2018-05-20T17:26:47Z" finished-at="2018-05-20T17:26:49Z">
          <params>
            <param index="0">
              <value>
                <![CDATA[penTest.Abhi.1]]>
              </value>
            </param>
            <param index="1">
              <value>
                <![CDATA[SeleniumTest123]]>
              </value>
            </param>
          </params>
          <reporter-output>
          </reporter-output>
        </test-method> <!-- loginWithValidUserName -->
        <test-method status="PASS" signature="afterTest()[pri:0, instance:com.facebook.TestCases.loginToFaceBook@4439f31e]" name="afterTest" is-config="true" duration-ms="1" started-at="2018-05-20T17:26:49Z" finished-at="2018-05-20T17:26:49Z">
          <reporter-output>
          </reporter-output>
        </test-method> <!-- afterTest -->
      </class> <!-- com.facebook.TestCases.loginToFaceBook -->
    </test> <!-- Login with a Valid UserName and Valid Password -->
  </suite> <!-- Facebook LoginPage -->
</testng-results>
